2020-03-22 01:55:20,078 [Worker-1: Loading available Gradle versions] INFO  c.g.t.t.d.PublishedGradleVersions - Gradle version information cache is up-to-date. Trying to read.
2020-03-22 01:59:16,882 [Worker-6: Loading available Gradle versions] INFO  c.g.t.t.d.PublishedGradleVersions - Gradle version information cache is up-to-date. Trying to read.
2020-03-22 02:02:59,739 [Worker-5: Importing Maven projects] INFO  o.e.m.c.i.l.LifecycleMappingFactory - Using org.eclipse.m2e.jdt.JarLifecycleMapping lifecycle mapping for MavenProject: org.springframework:spring-jcl:0.0.1-SNAPSHOT @ D:\git-codeing\spring-framework\spring-framework-5.2.4-source\spring-jcl\pom.xml.
2020-03-22 02:03:02,832 [Worker-5: Importing Maven projects] WARN  o.e.m.c.i.embedder.EclipseLogger - The artifact org.hibernate:hibernate-validator:jar:6.1.2.Final has been relocated to org.hibernate.validator:hibernate-validator:jar:6.1.2.Final
2020-03-22 02:03:03,195 [Worker-5: Importing Maven projects] INFO  o.e.m.c.i.l.LifecycleMappingFactory - Using org.eclipse.m2e.jdt.JarLifecycleMapping lifecycle mapping for MavenProject: org.springframework:spring-context:0.0.1-SNAPSHOT @ D:\git-codeing\spring-framework\spring-framework-5.2.4-source\spring-context\pom.xml.
2020-03-22 02:03:03,470 [Worker-5: Importing Maven projects] INFO  o.e.m.c.i.p.WorkspaceClassifierResolverManager - Resolving P/spring-aop: org.springframework:spring-aop:0.0.1-SNAPSHOT with classifier  to /spring-aop/target/classes
2020-03-22 02:03:03,471 [Worker-5: Importing Maven projects] INFO  o.e.m.c.i.p.WorkspaceClassifierResolverManager - Resolving P/spring-jcl: org.springframework:spring-jcl:0.0.1-SNAPSHOT with classifier  to /spring-jcl/target/classes
2020-03-22 02:03:03,472 [Worker-5: Importing Maven projects] INFO  o.e.m.c.i.p.WorkspaceClassifierResolverManager - Resolving P/spring-beans: org.springframework:spring-beans:0.0.1-SNAPSHOT with classifier  to /spring-beans/target/classes
2020-03-22 02:03:03,472 [Worker-5: Importing Maven projects] INFO  o.e.m.c.i.p.WorkspaceClassifierResolverManager - Resolving P/spring-core: org.springframework:spring-core:0.0.1-SNAPSHOT with classifier  to /spring-core/target/classes
2020-03-22 02:03:03,475 [Worker-5: Importing Maven projects] INFO  o.e.m.c.i.p.WorkspaceClassifierResolverManager - Resolving P/spring-expression: org.springframework:spring-expression:0.0.1-SNAPSHOT with classifier  to /spring-expression/target/classes
2020-03-22 02:03:03,476 [Worker-5: Importing Maven projects] INFO  o.e.m.c.i.p.WorkspaceClassifierResolverManager - Resolving P/spring-instrument: org.springframework:spring-instrument:0.0.1-SNAPSHOT with classifier  to /spring-instrument/target/classes
2020-03-22 02:03:03,744 [Worker-5: Importing Maven projects] INFO  o.e.m.c.i.l.LifecycleMappingFactory - Using org.eclipse.m2e.jdt.JarLifecycleMapping lifecycle mapping for MavenProject: org.springframework:spring-beans:0.0.1-SNAPSHOT @ D:\git-codeing\spring-framework\spring-framework-5.2.4-source\spring-beans\pom.xml.
2020-03-22 02:03:03,856 [Worker-5: Importing Maven projects] WARN  o.e.m.c.i.embedder.EclipseLogger - The artifact org.hibernate:hibernate-validator:jar:6.1.2.Final has been relocated to org.hibernate.validator:hibernate-validator:jar:6.1.2.Final
2020-03-22 02:03:03,858 [Worker-5: Importing Maven projects] INFO  o.e.m.c.i.p.WorkspaceClassifierResolverManager - Resolving P/spring-core: org.springframework:spring-core:0.0.1-SNAPSHOT with classifier  to /spring-core/target/classes
2020-03-22 02:03:03,863 [Worker-5: Importing Maven projects] INFO  o.e.m.c.i.p.WorkspaceClassifierResolverManager - Resolving P/spring-jcl: org.springframework:spring-jcl:0.0.1-SNAPSHOT with classifier  to /spring-jcl/target/classes
2020-03-22 02:03:04,025 [Worker-5: Importing Maven projects] INFO  o.e.m.c.i.l.LifecycleMappingFactory - Using org.eclipse.m2e.jdt.JarLifecycleMapping lifecycle mapping for MavenProject: org.springframework:spring-web:0.0.1-SNAPSHOT @ D:\git-codeing\spring-framework\spring-framework-5.2.4-source\spring-web\pom.xml.
2020-03-22 02:03:04,407 [Worker-5: Importing Maven projects] WARN  o.e.m.c.i.embedder.EclipseLogger - The artifact org.hibernate:hibernate-validator:jar:6.1.2.Final has been relocated to org.hibernate.validator:hibernate-validator:jar:6.1.2.Final
2020-03-22 02:03:04,409 [Worker-5: Importing Maven projects] INFO  o.e.m.c.i.p.WorkspaceClassifierResolverManager - Resolving P/spring-beans: org.springframework:spring-beans:0.0.1-SNAPSHOT with classifier  to /spring-beans/target/classes
2020-03-22 02:03:04,409 [Worker-5: Importing Maven projects] INFO  o.e.m.c.i.p.WorkspaceClassifierResolverManager - Resolving P/spring-core: org.springframework:spring-core:0.0.1-SNAPSHOT with classifier  to /spring-core/target/classes
2020-03-22 02:03:04,416 [Worker-5: Importing Maven projects] INFO  o.e.m.c.i.p.WorkspaceClassifierResolverManager - Resolving P/spring-aop: org.springframework:spring-aop:0.0.1-SNAPSHOT with classifier  to /spring-aop/target/classes
2020-03-22 02:03:04,416 [Worker-5: Importing Maven projects] INFO  o.e.m.c.i.p.WorkspaceClassifierResolverManager - Resolving P/spring-context: org.springframework:spring-context:0.0.1-SNAPSHOT with classifier  to /spring-context/target/classes
2020-03-22 02:03:04,416 [Worker-5: Importing Maven projects] INFO  o.e.m.c.i.p.WorkspaceClassifierResolverManager - Resolving P/spring-expression: org.springframework:spring-expression:0.0.1-SNAPSHOT with classifier  to /spring-expression/target/classes
2020-03-22 02:03:04,416 [Worker-5: Importing Maven projects] INFO  o.e.m.c.i.p.WorkspaceClassifierResolverManager - Resolving P/spring-instrument: org.springframework:spring-instrument:0.0.1-SNAPSHOT with classifier  to /spring-instrument/target/classes
2020-03-22 02:03:04,417 [Worker-5: Importing Maven projects] INFO  o.e.m.c.i.p.WorkspaceClassifierResolverManager - Resolving P/spring-oxm: org.springframework:spring-oxm:0.0.1-SNAPSHOT with classifier  to /spring-oxm/target/classes
2020-03-22 02:03:04,417 [Worker-5: Importing Maven projects] INFO  o.e.m.c.i.p.WorkspaceClassifierResolverManager - Resolving P/spring-jcl: org.springframework:spring-jcl:0.0.1-SNAPSHOT with classifier  to /spring-jcl/target/classes
2020-03-22 02:03:04,604 [Worker-5: Importing Maven projects] INFO  o.e.m.c.i.l.LifecycleMappingFactory - Using org.eclipse.m2e.jdt.JarLifecycleMapping lifecycle mapping for MavenProject: org.springframework:spring-webmvc:0.0.1-SNAPSHOT @ D:\git-codeing\spring-framework\spring-framework-5.2.4-source\spring-webmvc\pom.xml.
2020-03-22 02:03:04,653 [Worker-5: Importing Maven projects] WARN  o.e.m.c.i.embedder.EclipseLogger - The artifact org.hibernate:hibernate-validator:jar:6.1.2.Final has been relocated to org.hibernate.validator:hibernate-validator:jar:6.1.2.Final
2020-03-22 02:03:04,861 [Worker-5: Importing Maven projects] INFO  o.e.m.c.i.l.LifecycleMappingFactory - Using org.eclipse.m2e.jdt.JarLifecycleMapping lifecycle mapping for MavenProject: org.springframework:spring-aop:0.0.1-SNAPSHOT @ D:\git-codeing\spring-framework\spring-framework-5.2.4-source\spring-aop\pom.xml.
2020-03-22 02:03:04,908 [Worker-5: Importing Maven projects] WARN  o.e.m.c.i.embedder.EclipseLogger - The artifact org.hibernate:hibernate-validator:jar:6.1.2.Final has been relocated to org.hibernate.validator:hibernate-validator:jar:6.1.2.Final
2020-03-22 02:03:04,910 [Worker-5: Importing Maven projects] INFO  o.e.m.c.i.p.WorkspaceClassifierResolverManager - Resolving P/spring-beans: org.springframework:spring-beans:0.0.1-SNAPSHOT with classifier  to /spring-beans/target/classes
2020-03-22 02:03:04,910 [Worker-5: Importing Maven projects] INFO  o.e.m.c.i.p.WorkspaceClassifierResolverManager - Resolving P/spring-core: org.springframework:spring-core:0.0.1-SNAPSHOT with classifier  to /spring-core/target/classes
2020-03-22 02:03:04,916 [Worker-5: Importing Maven projects] INFO  o.e.m.c.i.p.WorkspaceClassifierResolverManager - Resolving P/spring-jcl: org.springframework:spring-jcl:0.0.1-SNAPSHOT with classifier  to /spring-jcl/target/classes
2020-03-22 02:03:05,098 [Worker-5: Importing Maven projects] INFO  o.e.m.c.i.l.LifecycleMappingFactory - Using org.eclipse.m2e.jdt.JarLifecycleMapping lifecycle mapping for MavenProject: org.springframework:spring-jdbc:0.0.1-SNAPSHOT @ D:\git-codeing\spring-framework\spring-framework-5.2.4-source\spring-jdbc\pom.xml.
2020-03-22 02:03:05,183 [Worker-5: Importing Maven projects] WARN  o.e.m.c.i.embedder.EclipseLogger - The artifact org.hibernate:hibernate-validator:jar:6.1.2.Final has been relocated to org.hibernate.validator:hibernate-validator:jar:6.1.2.Final
2020-03-22 02:03:05,185 [Worker-5: Importing Maven projects] INFO  o.e.m.c.i.p.WorkspaceClassifierResolverManager - Resolving P/spring-beans: org.springframework:spring-beans:0.0.1-SNAPSHOT with classifier  to /spring-beans/target/classes
2020-03-22 02:03:05,185 [Worker-5: Importing Maven projects] INFO  o.e.m.c.i.p.WorkspaceClassifierResolverManager - Resolving P/spring-jcl: org.springframework:spring-jcl:0.0.1-SNAPSHOT with classifier  to /spring-jcl/target/classes
2020-03-22 02:03:05,185 [Worker-5: Importing Maven projects] INFO  o.e.m.c.i.p.WorkspaceClassifierResolverManager - Resolving P/spring-core: org.springframework:spring-core:0.0.1-SNAPSHOT with classifier  to /spring-core/target/classes
2020-03-22 02:03:05,192 [Worker-5: Importing Maven projects] INFO  o.e.m.c.i.p.WorkspaceClassifierResolverManager - Resolving P/spring-tx: org.springframework:spring-tx:0.0.1-SNAPSHOT with classifier  to /spring-tx/target/classes
2020-03-22 02:03:05,193 [Worker-5: Importing Maven projects] INFO  o.e.m.c.i.p.WorkspaceClassifierResolverManager - Resolving P/spring-aop: org.springframework:spring-aop:0.0.1-SNAPSHOT with classifier  to /spring-aop/target/classes
2020-03-22 02:03:05,193 [Worker-5: Importing Maven projects] INFO  o.e.m.c.i.p.WorkspaceClassifierResolverManager - Resolving P/spring-context: org.springframework:spring-context:0.0.1-SNAPSHOT with classifier  to /spring-context/target/classes
2020-03-22 02:03:05,194 [Worker-5: Importing Maven projects] INFO  o.e.m.c.i.p.WorkspaceClassifierResolverManager - Resolving P/spring-expression: org.springframework:spring-expression:0.0.1-SNAPSHOT with classifier  to /spring-expression/target/classes
2020-03-22 02:03:05,194 [Worker-5: Importing Maven projects] INFO  o.e.m.c.i.p.WorkspaceClassifierResolverManager - Resolving P/spring-instrument: org.springframework:spring-instrument:0.0.1-SNAPSHOT with classifier  to /spring-instrument/target/classes
2020-03-22 02:03:05,428 [Worker-5: Importing Maven projects] INFO  o.e.m.c.i.l.LifecycleMappingFactory - Using org.eclipse.m2e.jdt.JarLifecycleMapping lifecycle mapping for MavenProject: org.springframework:spring-tx:0.0.1-SNAPSHOT @ D:\git-codeing\spring-framework\spring-framework-5.2.4-source\spring-tx\pom.xml.
2020-03-22 02:03:05,507 [Worker-5: Importing Maven projects] WARN  o.e.m.c.i.embedder.EclipseLogger - The artifact org.hibernate:hibernate-validator:jar:6.1.2.Final has been relocated to org.hibernate.validator:hibernate-validator:jar:6.1.2.Final
2020-03-22 02:03:05,508 [Worker-5: Importing Maven projects] INFO  o.e.m.c.i.p.WorkspaceClassifierResolverManager - Resolving P/spring-beans: org.springframework:spring-beans:0.0.1-SNAPSHOT with classifier  to /spring-beans/target/classes
2020-03-22 02:03:05,509 [Worker-5: Importing Maven projects] INFO  o.e.m.c.i.p.WorkspaceClassifierResolverManager - Resolving P/spring-jcl: org.springframework:spring-jcl:0.0.1-SNAPSHOT with classifier  to /spring-jcl/target/classes
2020-03-22 02:03:05,509 [Worker-5: Importing Maven projects] INFO  o.e.m.c.i.p.WorkspaceClassifierResolverManager - Resolving P/spring-core: org.springframework:spring-core:0.0.1-SNAPSHOT with classifier  to /spring-core/target/classes
2020-03-22 02:03:05,515 [Worker-5: Importing Maven projects] INFO  o.e.m.c.i.p.WorkspaceClassifierResolverManager - Resolving P/spring-aop: org.springframework:spring-aop:0.0.1-SNAPSHOT with classifier  to /spring-aop/target/classes
2020-03-22 02:03:05,515 [Worker-5: Importing Maven projects] INFO  o.e.m.c.i.p.WorkspaceClassifierResolverManager - Resolving P/spring-context: org.springframework:spring-context:0.0.1-SNAPSHOT with classifier  to /spring-context/target/classes
2020-03-22 02:03:05,516 [Worker-5: Importing Maven projects] INFO  o.e.m.c.i.p.WorkspaceClassifierResolverManager - Resolving P/spring-expression: org.springframework:spring-expression:0.0.1-SNAPSHOT with classifier  to /spring-expression/target/classes
2020-03-22 02:03:05,516 [Worker-5: Importing Maven projects] INFO  o.e.m.c.i.p.WorkspaceClassifierResolverManager - Resolving P/spring-instrument: org.springframework:spring-instrument:0.0.1-SNAPSHOT with classifier  to /spring-instrument/target/classes
2020-03-22 02:03:05,687 [Worker-5: Importing Maven projects] INFO  o.e.m.c.i.l.LifecycleMappingFactory - Using org.eclipse.m2e.jdt.JarLifecycleMapping lifecycle mapping for MavenProject: org.springframework:spring-expression:0.0.1-SNAPSHOT @ D:\git-codeing\spring-framework\spring-framework-5.2.4-source\spring-expression\pom.xml.
2020-03-22 02:03:05,720 [Worker-5: Importing Maven projects] WARN  o.e.m.c.i.embedder.EclipseLogger - The artifact org.hibernate:hibernate-validator:jar:6.1.2.Final has been relocated to org.hibernate.validator:hibernate-validator:jar:6.1.2.Final
2020-03-22 02:03:05,722 [Worker-5: Importing Maven projects] INFO  o.e.m.c.i.p.WorkspaceClassifierResolverManager - Resolving P/spring-core: org.springframework:spring-core:0.0.1-SNAPSHOT with classifier  to /spring-core/target/classes
2020-03-22 02:03:05,726 [Worker-5: Importing Maven projects] INFO  o.e.m.c.i.p.WorkspaceClassifierResolverManager - Resolving P/spring-jcl: org.springframework:spring-jcl:0.0.1-SNAPSHOT with classifier  to /spring-jcl/target/classes
2020-03-22 02:03:05,893 [Worker-5: Importing Maven projects] INFO  o.e.m.c.i.l.LifecycleMappingFactory - Using org.eclipse.m2e.jdt.JarLifecycleMapping lifecycle mapping for MavenProject: org.springframework:spring-jms:0.0.1-SNAPSHOT @ D:\git-codeing\spring-framework\spring-framework-5.2.4-source\spring-jms\pom.xml.
2020-03-22 02:03:05,923 [Worker-5: Importing Maven projects] WARN  o.e.m.c.i.embedder.EclipseLogger - The artifact org.hibernate:hibernate-validator:jar:6.1.2.Final has been relocated to org.hibernate.validator:hibernate-validator:jar:6.1.2.Final
2020-03-22 02:03:06,085 [Worker-5: Importing Maven projects] INFO  o.e.m.c.i.l.LifecycleMappingFactory - Using org.eclipse.m2e.jdt.JarLifecycleMapping lifecycle mapping for MavenProject: org.springframework:spring-aspects:0.0.1-SNAPSHOT @ D:\git-codeing\spring-framework\spring-framework-5.2.4-source\spring-aspects\pom.xml.
2020-03-22 02:03:06,171 [Worker-5: Importing Maven projects] WARN  o.e.m.c.i.embedder.EclipseLogger - The artifact org.hibernate:hibernate-validator:jar:6.1.2.Final has been relocated to org.hibernate.validator:hibernate-validator:jar:6.1.2.Final
2020-03-22 02:03:06,172 [Worker-5: Importing Maven projects] INFO  o.e.m.c.i.p.WorkspaceClassifierResolverManager - Resolving P/spring-aop: org.springframework:spring-aop:0.0.1-SNAPSHOT with classifier  to /spring-aop/target/classes
2020-03-22 02:03:06,173 [Worker-5: Importing Maven projects] INFO  o.e.m.c.i.p.WorkspaceClassifierResolverManager - Resolving P/spring-core: org.springframework:spring-core:0.0.1-SNAPSHOT with classifier  to /spring-core/target/classes
2020-03-22 02:03:06,177 [Worker-5: Importing Maven projects] INFO  o.e.m.c.i.p.WorkspaceClassifierResolverManager - Resolving P/spring-jcl: org.springframework:spring-jcl:0.0.1-SNAPSHOT with classifier  to /spring-jcl/target/classes
2020-03-22 02:03:06,177 [Worker-5: Importing Maven projects] INFO  o.e.m.c.i.p.WorkspaceClassifierResolverManager - Resolving P/spring-beans: org.springframework:spring-beans:0.0.1-SNAPSHOT with classifier  to /spring-beans/target/classes
2020-03-22 02:03:06,177 [Worker-5: Importing Maven projects] INFO  o.e.m.c.i.p.WorkspaceClassifierResolverManager - Resolving P/spring-context: org.springframework:spring-context:0.0.1-SNAPSHOT with classifier  to /spring-context/target/classes
2020-03-22 02:03:06,178 [Worker-5: Importing Maven projects] INFO  o.e.m.c.i.p.WorkspaceClassifierResolverManager - Resolving P/spring-expression: org.springframework:spring-expression:0.0.1-SNAPSHOT with classifier  to /spring-expression/target/classes
2020-03-22 02:03:06,178 [Worker-5: Importing Maven projects] INFO  o.e.m.c.i.p.WorkspaceClassifierResolverManager - Resolving P/spring-instrument: org.springframework:spring-instrument:0.0.1-SNAPSHOT with classifier  to /spring-instrument/target/classes
2020-03-22 02:03:06,178 [Worker-5: Importing Maven projects] INFO  o.e.m.c.i.p.WorkspaceClassifierResolverManager - Resolving P/spring-context-support: org.springframework:spring-context-support:0.0.1-SNAPSHOT with classifier  to /spring-context-support/target/classes
2020-03-22 02:03:06,179 [Worker-5: Importing Maven projects] INFO  o.e.m.c.i.p.WorkspaceClassifierResolverManager - Resolving P/spring-jdbc: org.springframework:spring-jdbc:0.0.1-SNAPSHOT with classifier  to /spring-jdbc/target/classes
2020-03-22 02:03:06,179 [Worker-5: Importing Maven projects] INFO  o.e.m.c.i.p.WorkspaceClassifierResolverManager - Resolving P/spring-orm: org.springframework:spring-orm:0.0.1-SNAPSHOT with classifier  to /spring-orm/target/classes
2020-03-22 02:03:06,179 [Worker-5: Importing Maven projects] INFO  o.e.m.c.i.p.WorkspaceClassifierResolverManager - Resolving P/spring-web: org.springframework:spring-web:0.0.1-SNAPSHOT with classifier  to /spring-web/target/classes
2020-03-22 02:03:06,179 [Worker-5: Importing Maven projects] INFO  o.e.m.c.i.p.WorkspaceClassifierResolverManager - Resolving P/spring-oxm: org.springframework:spring-oxm:0.0.1-SNAPSHOT with classifier  to /spring-oxm/target/classes
2020-03-22 02:03:06,186 [Worker-5: Importing Maven projects] INFO  o.e.m.c.i.p.WorkspaceClassifierResolverManager - Resolving P/spring-tx: org.springframework:spring-tx:0.0.1-SNAPSHOT with classifier  to /spring-tx/target/classes
2020-03-22 02:03:06,329 [Worker-5: Importing Maven projects] INFO  o.e.m.c.i.l.LifecycleMappingFactory - Using org.eclipse.m2e.jdt.JarLifecycleMapping lifecycle mapping for MavenProject: org.springframework:spring-messaging:0.0.1-SNAPSHOT @ D:\git-codeing\spring-framework\spring-framework-5.2.4-source\spring-messaging\pom.xml.
2020-03-22 02:03:06,358 [Worker-5: Importing Maven projects] WARN  o.e.m.c.i.embedder.EclipseLogger - The artifact org.hibernate:hibernate-validator:jar:6.1.2.Final has been relocated to org.hibernate.validator:hibernate-validator:jar:6.1.2.Final
2020-03-22 02:03:06,473 [Worker-5: Importing Maven projects] INFO  o.e.m.c.i.l.LifecycleMappingFactory - Using org.eclipse.m2e.jdt.JarLifecycleMapping lifecycle mapping for MavenProject: org.springframework:spring-context-support:0.0.1-SNAPSHOT @ D:\git-codeing\spring-framework\spring-framework-5.2.4-source\spring-context-support\pom.xml.
2020-03-22 02:03:06,514 [Worker-5: Importing Maven projects] WARN  o.e.m.c.i.embedder.EclipseLogger - The artifact org.hibernate:hibernate-validator:jar:6.1.2.Final has been relocated to org.hibernate.validator:hibernate-validator:jar:6.1.2.Final
2020-03-22 02:03:06,516 [Worker-5: Importing Maven projects] INFO  o.e.m.c.i.p.WorkspaceClassifierResolverManager - Resolving P/spring-beans: org.springframework:spring-beans:0.0.1-SNAPSHOT with classifier  to /spring-beans/target/classes
2020-03-22 02:03:06,517 [Worker-5: Importing Maven projects] INFO  o.e.m.c.i.p.WorkspaceClassifierResolverManager - Resolving P/spring-context: org.springframework:spring-context:0.0.1-SNAPSHOT with classifier  to /spring-context/target/classes
2020-03-22 02:03:06,517 [Worker-5: Importing Maven projects] INFO  o.e.m.c.i.p.WorkspaceClassifierResolverManager - Resolving P/spring-aop: org.springframework:spring-aop:0.0.1-SNAPSHOT with classifier  to /spring-aop/target/classes
2020-03-22 02:03:06,517 [Worker-5: Importing Maven projects] INFO  o.e.m.c.i.p.WorkspaceClassifierResolverManager - Resolving P/spring-expression: org.springframework:spring-expression:0.0.1-SNAPSHOT with classifier  to /spring-expression/target/classes
2020-03-22 02:03:06,517 [Worker-5: Importing Maven projects] INFO  o.e.m.c.i.p.WorkspaceClassifierResolverManager - Resolving P/spring-instrument: org.springframework:spring-instrument:0.0.1-SNAPSHOT with classifier  to /spring-instrument/target/classes
2020-03-22 02:03:06,518 [Worker-5: Importing Maven projects] INFO  o.e.m.c.i.p.WorkspaceClassifierResolverManager - Resolving P/spring-core: org.springframework:spring-core:0.0.1-SNAPSHOT with classifier  to /spring-core/target/classes
2020-03-22 02:03:06,521 [Worker-5: Importing Maven projects] INFO  o.e.m.c.i.p.WorkspaceClassifierResolverManager - Resolving P/spring-jdbc: org.springframework:spring-jdbc:0.0.1-SNAPSHOT with classifier  to /spring-jdbc/target/classes
2020-03-22 02:03:06,521 [Worker-5: Importing Maven projects] INFO  o.e.m.c.i.p.WorkspaceClassifierResolverManager - Resolving P/spring-tx: org.springframework:spring-tx:0.0.1-SNAPSHOT with classifier  to /spring-tx/target/classes
2020-03-22 02:03:06,521 [Worker-5: Importing Maven projects] INFO  o.e.m.c.i.p.WorkspaceClassifierResolverManager - Resolving P/spring-jcl: org.springframework:spring-jcl:0.0.1-SNAPSHOT with classifier  to /spring-jcl/target/classes
2020-03-22 02:03:06,641 [Worker-5: Importing Maven projects] INFO  o.e.m.c.i.l.LifecycleMappingFactory - Using org.eclipse.m2e.jdt.JarLifecycleMapping lifecycle mapping for MavenProject: org.springframework:spring-instrument:0.0.1-SNAPSHOT @ D:\git-codeing\spring-framework\spring-framework-5.2.4-source\spring-instrument\pom.xml.
2020-03-22 02:03:06,671 [Worker-5: Importing Maven projects] WARN  o.e.m.c.i.embedder.EclipseLogger - The artifact org.hibernate:hibernate-validator:jar:6.1.2.Final has been relocated to org.hibernate.validator:hibernate-validator:jar:6.1.2.Final
2020-03-22 02:03:06,792 [Worker-5: Importing Maven projects] INFO  o.e.m.c.i.l.LifecycleMappingFactory - Using org.eclipse.m2e.jdt.JarLifecycleMapping lifecycle mapping for MavenProject: org.springframework:spring-oxm:0.0.1-SNAPSHOT @ D:\git-codeing\spring-framework\spring-framework-5.2.4-source\spring-oxm\pom.xml.
2020-03-22 02:03:06,820 [Worker-5: Importing Maven projects] WARN  o.e.m.c.i.embedder.EclipseLogger - The artifact org.hibernate:hibernate-validator:jar:6.1.2.Final has been relocated to org.hibernate.validator:hibernate-validator:jar:6.1.2.Final
2020-03-22 02:03:06,823 [Worker-5: Importing Maven projects] INFO  o.e.m.c.i.p.WorkspaceClassifierResolverManager - Resolving P/spring-core: org.springframework:spring-core:0.0.1-SNAPSHOT with classifier  to /spring-core/target/classes
2020-03-22 02:03:06,829 [Worker-5: Importing Maven projects] INFO  o.e.m.c.i.p.WorkspaceClassifierResolverManager - Resolving P/spring-beans: org.springframework:spring-beans:0.0.1-SNAPSHOT with classifier  to /spring-beans/target/classes
2020-03-22 02:03:06,829 [Worker-5: Importing Maven projects] INFO  o.e.m.c.i.p.WorkspaceClassifierResolverManager - Resolving P/spring-jcl: org.springframework:spring-jcl:0.0.1-SNAPSHOT with classifier  to /spring-jcl/target/classes
2020-03-22 02:03:06,947 [Worker-5: Importing Maven projects] INFO  o.e.m.c.i.l.LifecycleMappingFactory - Using org.eclipse.m2e.jdt.JarLifecycleMapping lifecycle mapping for MavenProject: org.springframework:spring-orm:0.0.1-SNAPSHOT @ D:\git-codeing\spring-framework\spring-framework-5.2.4-source\spring-orm\pom.xml.
2020-03-22 02:03:06,996 [Worker-5: Importing Maven projects] WARN  o.e.m.c.i.embedder.EclipseLogger - The artifact org.hibernate:hibernate-validator:jar:6.1.2.Final has been relocated to org.hibernate.validator:hibernate-validator:jar:6.1.2.Final
2020-03-22 02:03:06,997 [Worker-5: Importing Maven projects] INFO  o.e.m.c.i.p.WorkspaceClassifierResolverManager - Resolving P/spring-beans: org.springframework:spring-beans:0.0.1-SNAPSHOT with classifier  to /spring-beans/target/classes
2020-03-22 02:03:06,998 [Worker-5: Importing Maven projects] INFO  o.e.m.c.i.p.WorkspaceClassifierResolverManager - Resolving P/spring-jcl: org.springframework:spring-jcl:0.0.1-SNAPSHOT with classifier  to /spring-jcl/target/classes
2020-03-22 02:03:06,998 [Worker-5: Importing Maven projects] INFO  o.e.m.c.i.p.WorkspaceClassifierResolverManager - Resolving P/spring-core: org.springframework:spring-core:0.0.1-SNAPSHOT with classifier  to /spring-core/target/classes
2020-03-22 02:03:07,004 [Worker-5: Importing Maven projects] INFO  o.e.m.c.i.p.WorkspaceClassifierResolverManager - Resolving P/spring-jdbc: org.springframework:spring-jdbc:0.0.1-SNAPSHOT with classifier  to /spring-jdbc/target/classes
2020-03-22 02:03:07,004 [Worker-5: Importing Maven projects] INFO  o.e.m.c.i.p.WorkspaceClassifierResolverManager - Resolving P/spring-tx: org.springframework:spring-tx:0.0.1-SNAPSHOT with classifier  to /spring-tx/target/classes
2020-03-22 02:03:07,005 [Worker-5: Importing Maven projects] INFO  o.e.m.c.i.p.WorkspaceClassifierResolverManager - Resolving P/spring-aop: org.springframework:spring-aop:0.0.1-SNAPSHOT with classifier  to /spring-aop/target/classes
2020-03-22 02:03:07,005 [Worker-5: Importing Maven projects] INFO  o.e.m.c.i.p.WorkspaceClassifierResolverManager - Resolving P/spring-context: org.springframework:spring-context:0.0.1-SNAPSHOT with classifier  to /spring-context/target/classes
2020-03-22 02:03:07,005 [Worker-5: Importing Maven projects] INFO  o.e.m.c.i.p.WorkspaceClassifierResolverManager - Resolving P/spring-expression: org.springframework:spring-expression:0.0.1-SNAPSHOT with classifier  to /spring-expression/target/classes
2020-03-22 02:03:07,005 [Worker-5: Importing Maven projects] INFO  o.e.m.c.i.p.WorkspaceClassifierResolverManager - Resolving P/spring-instrument: org.springframework:spring-instrument:0.0.1-SNAPSHOT with classifier  to /spring-instrument/target/classes
2020-03-22 02:03:07,006 [Worker-5: Importing Maven projects] INFO  o.e.m.c.i.p.WorkspaceClassifierResolverManager - Resolving P/spring-web: org.springframework:spring-web:0.0.1-SNAPSHOT with classifier  to /spring-web/target/classes
2020-03-22 02:03:07,006 [Worker-5: Importing Maven projects] INFO  o.e.m.c.i.p.WorkspaceClassifierResolverManager - Resolving P/spring-oxm: org.springframework:spring-oxm:0.0.1-SNAPSHOT with classifier  to /spring-oxm/target/classes
2020-03-22 02:03:07,144 [Worker-5: Importing Maven projects] INFO  o.e.m.c.i.l.LifecycleMappingFactory - Using org.eclipse.m2e.jdt.JarLifecycleMapping lifecycle mapping for MavenProject: org.springframework:spring-webflux:0.0.1-SNAPSHOT @ D:\git-codeing\spring-framework\spring-framework-5.2.4-source\spring-webflux\pom.xml.
2020-03-22 02:03:07,167 [Worker-5: Importing Maven projects] WARN  o.e.m.c.i.embedder.EclipseLogger - The artifact org.hibernate:hibernate-validator:jar:6.1.2.Final has been relocated to org.hibernate.validator:hibernate-validator:jar:6.1.2.Final
2020-03-22 02:03:07,306 [Worker-5: Importing Maven projects] INFO  o.e.m.c.i.l.LifecycleMappingFactory - Using org.eclipse.m2e.jdt.JarLifecycleMapping lifecycle mapping for MavenProject: org.springframework:spring-websocket:0.0.1-SNAPSHOT @ D:\git-codeing\spring-framework\spring-framework-5.2.4-source\spring-websocket\pom.xml.
2020-03-22 02:03:07,334 [Worker-5: Importing Maven projects] WARN  o.e.m.c.i.embedder.EclipseLogger - The artifact org.hibernate:hibernate-validator:jar:6.1.2.Final has been relocated to org.hibernate.validator:hibernate-validator:jar:6.1.2.Final
2020-03-22 02:03:07,462 [Worker-5: Importing Maven projects] INFO  o.e.m.c.i.l.LifecycleMappingFactory - Using org.eclipse.m2e.jdt.JarLifecycleMapping lifecycle mapping for MavenProject: org.springframework:spring-core:0.0.1-SNAPSHOT @ D:\git-codeing\spring-framework\spring-framework-5.2.4-source\spring-core\pom.xml.
2020-03-22 02:03:07,487 [Worker-5: Importing Maven projects] WARN  o.e.m.c.i.embedder.EclipseLogger - The artifact org.hibernate:hibernate-validator:jar:6.1.2.Final has been relocated to org.hibernate.validator:hibernate-validator:jar:6.1.2.Final
2020-03-22 02:03:27,713 [Worker-5: Importing Maven projects] INFO  o.e.m.j.i.AbstractJavaProjectConfigurator - Adding source folder /spring-core/src/main/java
2020-03-22 02:03:27,714 [Worker-5: Importing Maven projects] INFO  o.e.m.j.i.AbstractJavaProjectConfigurator - Adding resource folder /spring-core/src/main/resources
2020-03-22 02:03:27,715 [Worker-5: Importing Maven projects] INFO  o.e.m.j.i.AbstractJavaProjectConfigurator - Adding source folder /spring-core/src/test/java
2020-03-22 02:03:27,715 [Worker-5: Importing Maven projects] INFO  o.e.m.j.i.AbstractJavaProjectConfigurator - Adding resource folder /spring-core/src/test/resources
2020-03-22 02:03:28,264 [Worker-5: Importing Maven projects] INFO  o.e.m.j.i.AbstractJavaProjectConfigurator - Adding source folder /spring-jcl/src/main/java
2020-03-22 02:03:28,264 [Worker-5: Importing Maven projects] INFO  o.e.m.j.i.AbstractJavaProjectConfigurator - Adding resource folder /spring-jcl/src/main/resources
2020-03-22 02:03:28,265 [Worker-5: Importing Maven projects] INFO  o.e.m.j.i.AbstractJavaProjectConfigurator - Adding source folder /spring-jcl/src/test/java
2020-03-22 02:03:28,265 [Worker-5: Importing Maven projects] INFO  o.e.m.j.i.AbstractJavaProjectConfigurator - Adding resource folder /spring-jcl/src/test/resources
2020-03-22 02:03:28,676 [Worker-5: Importing Maven projects] INFO  o.e.m.j.i.AbstractJavaProjectConfigurator - Adding source folder /spring-beans/src/main/java
2020-03-22 02:03:28,677 [Worker-5: Importing Maven projects] INFO  o.e.m.j.i.AbstractJavaProjectConfigurator - Adding resource folder /spring-beans/src/main/resources
2020-03-22 02:03:28,678 [Worker-5: Importing Maven projects] INFO  o.e.m.j.i.AbstractJavaProjectConfigurator - Adding source folder /spring-beans/src/test/java
2020-03-22 02:03:28,679 [Worker-5: Importing Maven projects] INFO  o.e.m.j.i.AbstractJavaProjectConfigurator - Adding resource folder /spring-beans/src/test/resources
2020-03-22 02:03:29,197 [Worker-5: Importing Maven projects] INFO  o.e.m.j.i.AbstractJavaProjectConfigurator - Adding source folder /spring-oxm/src/main/java
2020-03-22 02:03:29,198 [Worker-5: Importing Maven projects] INFO  o.e.m.j.i.AbstractJavaProjectConfigurator - Adding resource folder /spring-oxm/src/main/resources
2020-03-22 02:03:29,199 [Worker-5: Importing Maven projects] INFO  o.e.m.j.i.AbstractJavaProjectConfigurator - Adding source folder /spring-oxm/src/test/java
2020-03-22 02:03:29,199 [Worker-5: Importing Maven projects] INFO  o.e.m.j.i.AbstractJavaProjectConfigurator - Adding resource folder /spring-oxm/src/test/resources
2020-03-22 02:03:29,753 [Worker-5: Importing Maven projects] INFO  o.e.m.j.i.AbstractJavaProjectConfigurator - Adding source folder /spring-aop/src/main/java
2020-03-22 02:03:29,753 [Worker-5: Importing Maven projects] INFO  o.e.m.j.i.AbstractJavaProjectConfigurator - Adding resource folder /spring-aop/src/main/resources
2020-03-22 02:03:29,754 [Worker-5: Importing Maven projects] INFO  o.e.m.j.i.AbstractJavaProjectConfigurator - Adding source folder /spring-aop/src/test/java
2020-03-22 02:03:29,754 [Worker-5: Importing Maven projects] INFO  o.e.m.j.i.AbstractJavaProjectConfigurator - Adding resource folder /spring-aop/src/test/resources
2020-03-22 02:03:30,445 [Worker-5: Importing Maven projects] INFO  o.e.m.j.i.AbstractJavaProjectConfigurator - Adding source folder /spring-expression/src/main/java
2020-03-22 02:03:30,446 [Worker-5: Importing Maven projects] INFO  o.e.m.j.i.AbstractJavaProjectConfigurator - Adding resource folder /spring-expression/src/main/resources
2020-03-22 02:03:30,448 [Worker-5: Importing Maven projects] INFO  o.e.m.j.i.AbstractJavaProjectConfigurator - Adding source folder /spring-expression/src/test/java
2020-03-22 02:03:30,448 [Worker-5: Importing Maven projects] INFO  o.e.m.j.i.AbstractJavaProjectConfigurator - Adding resource folder /spring-expression/src/test/resources
2020-03-22 02:03:30,962 [Worker-5: Importing Maven projects] INFO  o.e.m.j.i.AbstractJavaProjectConfigurator - Adding source folder /spring-instrument/src/main/java
2020-03-22 02:03:30,962 [Worker-5: Importing Maven projects] INFO  o.e.m.j.i.AbstractJavaProjectConfigurator - Adding resource folder /spring-instrument/src/main/resources
2020-03-22 02:03:30,963 [Worker-5: Importing Maven projects] INFO  o.e.m.j.i.AbstractJavaProjectConfigurator - Adding source folder /spring-instrument/src/test/java
2020-03-22 02:03:30,964 [Worker-5: Importing Maven projects] INFO  o.e.m.j.i.AbstractJavaProjectConfigurator - Adding resource folder /spring-instrument/src/test/resources
2020-03-22 02:03:31,535 [Worker-5: Importing Maven projects] INFO  o.e.m.j.i.AbstractJavaProjectConfigurator - Adding source folder /spring-context/src/main/java
2020-03-22 02:03:31,535 [Worker-5: Importing Maven projects] INFO  o.e.m.j.i.AbstractJavaProjectConfigurator - Adding resource folder /spring-context/src/main/resources
2020-03-22 02:03:31,536 [Worker-5: Importing Maven projects] INFO  o.e.m.j.i.AbstractJavaProjectConfigurator - Adding source folder /spring-context/src/test/java
2020-03-22 02:03:31,536 [Worker-5: Importing Maven projects] INFO  o.e.m.j.i.AbstractJavaProjectConfigurator - Adding resource folder /spring-context/src/test/resources
2020-03-22 02:03:31,949 [Worker-5: Importing Maven projects] INFO  o.e.m.j.i.AbstractJavaProjectConfigurator - Adding source folder /spring-tx/src/main/java
2020-03-22 02:03:31,949 [Worker-5: Importing Maven projects] INFO  o.e.m.j.i.AbstractJavaProjectConfigurator - Adding resource folder /spring-tx/src/main/resources
2020-03-22 02:03:31,950 [Worker-5: Importing Maven projects] INFO  o.e.m.j.i.AbstractJavaProjectConfigurator - Adding source folder /spring-tx/src/test/java
2020-03-22 02:03:31,951 [Worker-5: Importing Maven projects] INFO  o.e.m.j.i.AbstractJavaProjectConfigurator - Adding resource folder /spring-tx/src/test/resources
2020-03-22 02:03:32,347 [Worker-5: Importing Maven projects] INFO  o.e.m.j.i.AbstractJavaProjectConfigurator - Adding source folder /spring-jdbc/src/main/java
2020-03-22 02:03:32,348 [Worker-5: Importing Maven projects] INFO  o.e.m.j.i.AbstractJavaProjectConfigurator - Adding resource folder /spring-jdbc/src/main/resources
2020-03-22 02:03:32,349 [Worker-5: Importing Maven projects] INFO  o.e.m.j.i.AbstractJavaProjectConfigurator - Adding source folder /spring-jdbc/src/test/java
2020-03-22 02:03:32,349 [Worker-5: Importing Maven projects] INFO  o.e.m.j.i.AbstractJavaProjectConfigurator - Adding resource folder /spring-jdbc/src/test/resources
2020-03-22 02:03:32,823 [Worker-5: Importing Maven projects] INFO  o.e.m.j.i.AbstractJavaProjectConfigurator - Adding source folder /spring-web/src/main/java
2020-03-22 02:03:32,823 [Worker-5: Importing Maven projects] INFO  o.e.m.j.i.AbstractJavaProjectConfigurator - Adding resource folder /spring-web/src/main/resources
2020-03-22 02:03:32,824 [Worker-5: Importing Maven projects] INFO  o.e.m.j.i.AbstractJavaProjectConfigurator - Adding source folder /spring-web/src/test/java
2020-03-22 02:03:32,824 [Worker-5: Importing Maven projects] INFO  o.e.m.j.i.AbstractJavaProjectConfigurator - Adding resource folder /spring-web/src/test/resources
2020-03-22 02:03:33,733 [Worker-5: Importing Maven projects] INFO  o.e.m.j.i.AbstractJavaProjectConfigurator - Adding source folder /spring-orm/src/main/java
2020-03-22 02:03:33,733 [Worker-5: Importing Maven projects] INFO  o.e.m.j.i.AbstractJavaProjectConfigurator - Adding resource folder /spring-orm/src/main/resources
2020-03-22 02:03:33,734 [Worker-5: Importing Maven projects] INFO  o.e.m.j.i.AbstractJavaProjectConfigurator - Adding source folder /spring-orm/src/test/java
2020-03-22 02:03:33,734 [Worker-5: Importing Maven projects] INFO  o.e.m.j.i.AbstractJavaProjectConfigurator - Adding resource folder /spring-orm/src/test/resources
2020-03-22 02:03:34,210 [Worker-5: Importing Maven projects] INFO  o.e.m.j.i.AbstractJavaProjectConfigurator - Adding source folder /spring-jms/src/main/java
2020-03-22 02:03:34,210 [Worker-5: Importing Maven projects] INFO  o.e.m.j.i.AbstractJavaProjectConfigurator - Adding resource folder /spring-jms/src/main/resources
2020-03-22 02:03:34,211 [Worker-5: Importing Maven projects] INFO  o.e.m.j.i.AbstractJavaProjectConfigurator - Adding source folder /spring-jms/src/test/java
2020-03-22 02:03:34,212 [Worker-5: Importing Maven projects] INFO  o.e.m.j.i.AbstractJavaProjectConfigurator - Adding resource folder /spring-jms/src/test/resources
2020-03-22 02:03:34,614 [Worker-5: Importing Maven projects] INFO  o.e.m.j.i.AbstractJavaProjectConfigurator - Adding source folder /spring-context-support/src/main/java
2020-03-22 02:03:34,614 [Worker-5: Importing Maven projects] INFO  o.e.m.j.i.AbstractJavaProjectConfigurator - Adding resource folder /spring-context-support/src/main/resources
2020-03-22 02:03:34,615 [Worker-5: Importing Maven projects] INFO  o.e.m.j.i.AbstractJavaProjectConfigurator - Adding source folder /spring-context-support/src/test/java
2020-03-22 02:03:34,615 [Worker-5: Importing Maven projects] INFO  o.e.m.j.i.AbstractJavaProjectConfigurator - Adding resource folder /spring-context-support/src/test/resources
2020-03-22 02:03:35,352 [Worker-5: Importing Maven projects] INFO  o.e.m.j.i.AbstractJavaProjectConfigurator - Adding source folder /spring-aspects/src/main/java
2020-03-22 02:03:35,352 [Worker-5: Importing Maven projects] INFO  o.e.m.j.i.AbstractJavaProjectConfigurator - Adding resource folder /spring-aspects/src/main/resources
2020-03-22 02:03:35,353 [Worker-5: Importing Maven projects] INFO  o.e.m.j.i.AbstractJavaProjectConfigurator - Adding source folder /spring-aspects/src/test/java
2020-03-22 02:03:35,353 [Worker-5: Importing Maven projects] INFO  o.e.m.j.i.AbstractJavaProjectConfigurator - Adding resource folder /spring-aspects/src/test/resources
2020-03-22 02:03:35,755 [Worker-5: Importing Maven projects] INFO  o.e.m.j.i.AbstractJavaProjectConfigurator - Adding source folder /spring-webmvc/src/main/java
2020-03-22 02:03:35,755 [Worker-5: Importing Maven projects] INFO  o.e.m.j.i.AbstractJavaProjectConfigurator - Adding resource folder /spring-webmvc/src/main/resources
2020-03-22 02:03:35,756 [Worker-5: Importing Maven projects] INFO  o.e.m.j.i.AbstractJavaProjectConfigurator - Adding source folder /spring-webmvc/src/test/java
2020-03-22 02:03:35,757 [Worker-5: Importing Maven projects] INFO  o.e.m.j.i.AbstractJavaProjectConfigurator - Adding resource folder /spring-webmvc/src/test/resources
2020-03-22 02:03:36,505 [Worker-5: Importing Maven projects] INFO  o.e.m.j.i.AbstractJavaProjectConfigurator - Adding source folder /spring-messaging/src/main/java
2020-03-22 02:03:36,505 [Worker-5: Importing Maven projects] INFO  o.e.m.j.i.AbstractJavaProjectConfigurator - Adding resource folder /spring-messaging/src/main/resources
2020-03-22 02:03:36,506 [Worker-5: Importing Maven projects] INFO  o.e.m.j.i.AbstractJavaProjectConfigurator - Adding source folder /spring-messaging/src/test/java
2020-03-22 02:03:36,506 [Worker-5: Importing Maven projects] INFO  o.e.m.j.i.AbstractJavaProjectConfigurator - Adding resource folder /spring-messaging/src/test/resources
2020-03-22 02:03:37,149 [Worker-5: Importing Maven projects] INFO  o.e.m.j.i.AbstractJavaProjectConfigurator - Adding source folder /spring-webflux/src/main/java
2020-03-22 02:03:37,149 [Worker-5: Importing Maven projects] INFO  o.e.m.j.i.AbstractJavaProjectConfigurator - Adding resource folder /spring-webflux/src/main/resources
2020-03-22 02:03:37,150 [Worker-5: Importing Maven projects] INFO  o.e.m.j.i.AbstractJavaProjectConfigurator - Adding source folder /spring-webflux/src/test/java
2020-03-22 02:03:37,150 [Worker-5: Importing Maven projects] INFO  o.e.m.j.i.AbstractJavaProjectConfigurator - Adding resource folder /spring-webflux/src/test/resources
2020-03-22 02:03:37,592 [Worker-5: Importing Maven projects] INFO  o.e.m.j.i.AbstractJavaProjectConfigurator - Adding source folder /spring-websocket/src/main/java
2020-03-22 02:03:37,592 [Worker-5: Importing Maven projects] INFO  o.e.m.j.i.AbstractJavaProjectConfigurator - Adding resource folder /spring-websocket/src/main/resources
2020-03-22 02:03:37,593 [Worker-5: Importing Maven projects] INFO  o.e.m.j.i.AbstractJavaProjectConfigurator - Adding source folder /spring-websocket/src/test/java
2020-03-22 02:03:37,593 [Worker-5: Importing Maven projects] INFO  o.e.m.j.i.AbstractJavaProjectConfigurator - Adding resource folder /spring-websocket/src/test/resources
2020-03-22 02:03:38,004 [Worker-5: Importing Maven projects] INFO  o.e.m.c.i.p.ProjectConfigurationManager - Imported and configured 19 project(s) in 62 sec
2020-03-22 02:04:25,970 [Worker-11: Building workspace] WARN  o.e.m.c.i.embedder.EclipseLogger - The artifact org.hibernate:hibernate-validator:jar:6.1.2.Final has been relocated to org.hibernate.validator:hibernate-validator:jar:6.1.2.Final
2020-03-22 02:04:26,149 [Worker-11: Building workspace] WARN  o.e.m.c.i.embedder.EclipseLogger - The artifact org.hibernate:hibernate-validator:jar:6.1.2.Final has been relocated to org.hibernate.validator:hibernate-validator:jar:6.1.2.Final
2020-03-22 02:04:26,378 [Worker-11: Building workspace] WARN  o.e.m.c.i.embedder.EclipseLogger - Using platform encoding (GBK actually) to copy filtered resources, i.e. build is platform dependent!
2020-03-22 02:04:26,405 [Worker-11: Building workspace] INFO  o.e.m.c.i.embedder.EclipseLogger - Copying 1 resource
2020-03-22 02:04:26,434 [Worker-11: Building workspace] WARN  o.e.m.c.i.embedder.EclipseLogger - Using platform encoding (GBK actually) to copy filtered resources, i.e. build is platform dependent!
2020-03-22 02:04:26,437 [Worker-11: Building workspace] INFO  o.e.m.c.i.embedder.EclipseLogger - Copying 0 resource
2020-03-22 02:04:27,921 [Worker-11: Building workspace] WARN  o.e.m.c.i.embedder.EclipseLogger - The artifact org.hibernate:hibernate-validator:jar:6.1.2.Final has been relocated to org.hibernate.validator:hibernate-validator:jar:6.1.2.Final
2020-03-22 02:04:28,120 [Worker-11: Building workspace] WARN  o.e.m.c.i.embedder.EclipseLogger - The artifact org.hibernate:hibernate-validator:jar:6.1.2.Final has been relocated to org.hibernate.validator:hibernate-validator:jar:6.1.2.Final
2020-03-22 02:04:28,323 [Worker-11: Building workspace] WARN  o.e.m.c.i.embedder.EclipseLogger - Using platform encoding (GBK actually) to copy filtered resources, i.e. build is platform dependent!
2020-03-22 02:04:28,324 [Worker-11: Building workspace] INFO  o.e.m.c.i.embedder.EclipseLogger - Copying 0 resource
2020-03-22 02:04:28,328 [Worker-11: Building workspace] WARN  o.e.m.c.i.embedder.EclipseLogger - Using platform encoding (GBK actually) to copy filtered resources, i.e. build is platform dependent!
2020-03-22 02:04:28,330 [Worker-11: Building workspace] INFO  o.e.m.c.i.embedder.EclipseLogger - Copying 0 resource
2020-03-22 02:04:30,528 [Worker-11: Building workspace] WARN  o.e.m.c.i.embedder.EclipseLogger - The artifact org.hibernate:hibernate-validator:jar:6.1.2.Final has been relocated to org.hibernate.validator:hibernate-validator:jar:6.1.2.Final
2020-03-22 02:04:30,697 [Worker-11: Building workspace] WARN  o.e.m.c.i.embedder.EclipseLogger - The artifact org.hibernate:hibernate-validator:jar:6.1.2.Final has been relocated to org.hibernate.validator:hibernate-validator:jar:6.1.2.Final
2020-03-22 02:04:31,428 [Worker-11: Building workspace] WARN  o.e.m.c.i.embedder.EclipseLogger - Using platform encoding (GBK actually) to copy filtered resources, i.e. build is platform dependent!
2020-03-22 02:04:31,431 [Worker-11: Building workspace] INFO  o.e.m.c.i.embedder.EclipseLogger - Copying 1 resource
2020-03-22 02:04:31,436 [Worker-11: Building workspace] WARN  o.e.m.c.i.embedder.EclipseLogger - Using platform encoding (GBK actually) to copy filtered resources, i.e. build is platform dependent!
2020-03-22 02:04:31,438 [Worker-11: Building workspace] INFO  o.e.m.c.i.embedder.EclipseLogger - Copying 0 resource
2020-03-22 02:04:35,424 [Worker-11: Building workspace] WARN  o.e.m.c.i.embedder.EclipseLogger - The artifact org.hibernate:hibernate-validator:jar:6.1.2.Final has been relocated to org.hibernate.validator:hibernate-validator:jar:6.1.2.Final
2020-03-22 02:04:35,726 [Worker-11: Building workspace] WARN  o.e.m.c.i.embedder.EclipseLogger - The artifact org.hibernate:hibernate-validator:jar:6.1.2.Final has been relocated to org.hibernate.validator:hibernate-validator:jar:6.1.2.Final
2020-03-22 02:04:35,727 [Worker-11: Building workspace] INFO  o.e.m.c.i.p.WorkspaceClassifierResolverManager - Resolving P/spring-core: org.springframework:spring-core:0.0.1-SNAPSHOT with classifier  to /spring-core/target/classes
2020-03-22 02:04:35,729 [Worker-11: Building workspace] INFO  o.e.m.c.i.p.WorkspaceClassifierResolverManager - Resolving P/spring-jcl: org.springframework:spring-jcl:0.0.1-SNAPSHOT with classifier  to /spring-jcl/target/classes
2020-03-22 02:04:35,887 [Worker-11: Building workspace] WARN  o.e.m.c.i.embedder.EclipseLogger - Using platform encoding (GBK actually) to copy filtered resources, i.e. build is platform dependent!
2020-03-22 02:04:35,907 [Worker-11: Building workspace] INFO  o.e.m.c.i.embedder.EclipseLogger - Copying 1 resource
2020-03-22 02:04:35,962 [Worker-11: Building workspace] WARN  o.e.m.c.i.embedder.EclipseLogger - Using platform encoding (GBK actually) to copy filtered resources, i.e. build is platform dependent!
2020-03-22 02:04:35,964 [Worker-11: Building workspace] INFO  o.e.m.c.i.embedder.EclipseLogger - Copying 0 resource
2020-03-22 02:04:44,062 [Worker-11: Building workspace] WARN  o.e.m.c.i.embedder.EclipseLogger - The artifact org.hibernate:hibernate-validator:jar:6.1.2.Final has been relocated to org.hibernate.validator:hibernate-validator:jar:6.1.2.Final
2020-03-22 02:04:44,259 [Worker-11: Building workspace] WARN  o.e.m.c.i.embedder.EclipseLogger - The artifact org.hibernate:hibernate-validator:jar:6.1.2.Final has been relocated to org.hibernate.validator:hibernate-validator:jar:6.1.2.Final
2020-03-22 02:04:44,261 [Worker-11: Building workspace] INFO  o.e.m.c.i.p.WorkspaceClassifierResolverManager - Resolving P/spring-core: org.springframework:spring-core:0.0.1-SNAPSHOT with classifier  to /spring-core/target/classes
2020-03-22 02:04:44,263 [Worker-11: Building workspace] INFO  o.e.m.c.i.p.WorkspaceClassifierResolverManager - Resolving P/spring-jcl: org.springframework:spring-jcl:0.0.1-SNAPSHOT with classifier  to /spring-jcl/target/classes
2020-03-22 02:04:44,410 [Worker-11: Building workspace] WARN  o.e.m.c.i.embedder.EclipseLogger - Using platform encoding (GBK actually) to copy filtered resources, i.e. build is platform dependent!
2020-03-22 02:04:44,412 [Worker-11: Building workspace] INFO  o.e.m.c.i.embedder.EclipseLogger - Copying 10 resources
2020-03-22 02:04:45,827 [Worker-11: Building workspace] WARN  o.e.m.c.i.embedder.EclipseLogger - Using platform encoding (GBK actually) to copy filtered resources, i.e. build is platform dependent!
2020-03-22 02:04:45,830 [Worker-11: Building workspace] INFO  o.e.m.c.i.embedder.EclipseLogger - Copying 0 resource
2020-03-22 02:04:51,864 [Worker-11: Building workspace] WARN  o.e.m.c.i.embedder.EclipseLogger - The artifact org.hibernate:hibernate-validator:jar:6.1.2.Final has been relocated to org.hibernate.validator:hibernate-validator:jar:6.1.2.Final
2020-03-22 02:04:52,103 [Worker-11: Building workspace] WARN  o.e.m.c.i.embedder.EclipseLogger - The artifact org.hibernate:hibernate-validator:jar:6.1.2.Final has been relocated to org.hibernate.validator:hibernate-validator:jar:6.1.2.Final
2020-03-22 02:04:52,104 [Worker-11: Building workspace] INFO  o.e.m.c.i.p.WorkspaceClassifierResolverManager - Resolving P/spring-beans: org.springframework:spring-beans:0.0.1-SNAPSHOT with classifier  to /spring-beans/target/classes
2020-03-22 02:04:52,105 [Worker-11: Building workspace] INFO  o.e.m.c.i.p.WorkspaceClassifierResolverManager - Resolving P/spring-core: org.springframework:spring-core:0.0.1-SNAPSHOT with classifier  to /spring-core/target/classes
2020-03-22 02:04:52,107 [Worker-11: Building workspace] INFO  o.e.m.c.i.p.WorkspaceClassifierResolverManager - Resolving P/spring-jcl: org.springframework:spring-jcl:0.0.1-SNAPSHOT with classifier  to /spring-jcl/target/classes
2020-03-22 02:04:52,291 [Worker-11: Building workspace] WARN  o.e.m.c.i.embedder.EclipseLogger - Using platform encoding (GBK actually) to copy filtered resources, i.e. build is platform dependent!
2020-03-22 02:04:52,297 [Worker-11: Building workspace] INFO  o.e.m.c.i.embedder.EclipseLogger - Copying 5 resources
2020-03-22 02:04:52,350 [Worker-11: Building workspace] WARN  o.e.m.c.i.embedder.EclipseLogger - Using platform encoding (GBK actually) to copy filtered resources, i.e. build is platform dependent!
2020-03-22 02:04:52,351 [Worker-11: Building workspace] INFO  o.e.m.c.i.embedder.EclipseLogger - Copying 0 resource
2020-03-22 02:05:03,723 [Worker-11: Building workspace] WARN  o.e.m.c.i.embedder.EclipseLogger - The artifact org.hibernate:hibernate-validator:jar:6.1.2.Final has been relocated to org.hibernate.validator:hibernate-validator:jar:6.1.2.Final
2020-03-22 02:05:03,963 [Worker-11: Building workspace] INFO  o.e.m.c.i.p.WorkspaceClassifierResolverManager - Resolving P/spring-aop: org.springframework:spring-aop:0.0.1-SNAPSHOT with classifier  to /spring-aop/target/classes
2020-03-22 02:05:03,963 [Worker-11: Building workspace] INFO  o.e.m.c.i.p.WorkspaceClassifierResolverManager - Resolving P/spring-jcl: org.springframework:spring-jcl:0.0.1-SNAPSHOT with classifier  to /spring-jcl/target/classes
2020-03-22 02:05:03,964 [Worker-11: Building workspace] INFO  o.e.m.c.i.p.WorkspaceClassifierResolverManager - Resolving P/spring-beans: org.springframework:spring-beans:0.0.1-SNAPSHOT with classifier  to /spring-beans/target/classes
2020-03-22 02:05:03,964 [Worker-11: Building workspace] INFO  o.e.m.c.i.p.WorkspaceClassifierResolverManager - Resolving P/spring-core: org.springframework:spring-core:0.0.1-SNAPSHOT with classifier  to /spring-core/target/classes
2020-03-22 02:05:03,966 [Worker-11: Building workspace] INFO  o.e.m.c.i.p.WorkspaceClassifierResolverManager - Resolving P/spring-expression: org.springframework:spring-expression:0.0.1-SNAPSHOT with classifier  to /spring-expression/target/classes
2020-03-22 02:05:03,966 [Worker-11: Building workspace] INFO  o.e.m.c.i.p.WorkspaceClassifierResolverManager - Resolving P/spring-instrument: org.springframework:spring-instrument:0.0.1-SNAPSHOT with classifier  to /spring-instrument/target/classes
2020-03-22 02:05:04,127 [Worker-11: Building workspace] WARN  o.e.m.c.i.embedder.EclipseLogger - Using platform encoding (GBK actually) to copy filtered resources, i.e. build is platform dependent!
2020-03-22 02:05:04,148 [Worker-11: Building workspace] INFO  o.e.m.c.i.embedder.EclipseLogger - Copying 14 resources
2020-03-22 02:05:04,366 [Worker-11: Building workspace] WARN  o.e.m.c.i.embedder.EclipseLogger - Using platform encoding (GBK actually) to copy filtered resources, i.e. build is platform dependent!
2020-03-22 02:05:04,367 [Worker-11: Building workspace] INFO  o.e.m.c.i.embedder.EclipseLogger - Copying 0 resource
2020-03-22 02:05:07,819 [Worker-11: Building workspace] WARN  o.e.m.c.i.embedder.EclipseLogger - The artifact org.hibernate:hibernate-validator:jar:6.1.2.Final has been relocated to org.hibernate.validator:hibernate-validator:jar:6.1.2.Final
2020-03-22 02:05:07,979 [Worker-11: Building workspace] WARN  o.e.m.c.i.embedder.EclipseLogger - The artifact org.hibernate:hibernate-validator:jar:6.1.2.Final has been relocated to org.hibernate.validator:hibernate-validator:jar:6.1.2.Final
2020-03-22 02:05:08,093 [Worker-11: Building workspace] WARN  o.e.m.c.i.embedder.EclipseLogger - Using platform encoding (GBK actually) to copy filtered resources, i.e. build is platform dependent!
2020-03-22 02:05:08,095 [Worker-11: Building workspace] INFO  o.e.m.c.i.embedder.EclipseLogger - Copying 5 resources
2020-03-22 02:05:08,178 [Worker-11: Building workspace] WARN  o.e.m.c.i.embedder.EclipseLogger - Using platform encoding (GBK actually) to copy filtered resources, i.e. build is platform dependent!
2020-03-22 02:05:08,179 [Worker-11: Building workspace] INFO  o.e.m.c.i.embedder.EclipseLogger - Copying 0 resource
2020-03-22 02:05:13,488 [Worker-11: Building workspace] WARN  o.e.m.c.i.embedder.EclipseLogger - The artifact org.hibernate:hibernate-validator:jar:6.1.2.Final has been relocated to org.hibernate.validator:hibernate-validator:jar:6.1.2.Final
2020-03-22 02:05:13,639 [Worker-11: Building workspace] WARN  o.e.m.c.i.embedder.EclipseLogger - The artifact org.hibernate:hibernate-validator:jar:6.1.2.Final has been relocated to org.hibernate.validator:hibernate-validator:jar:6.1.2.Final
2020-03-22 02:05:13,756 [Worker-11: Building workspace] WARN  o.e.m.c.i.embedder.EclipseLogger - Using platform encoding (GBK actually) to copy filtered resources, i.e. build is platform dependent!
2020-03-22 02:05:13,759 [Worker-11: Building workspace] INFO  o.e.m.c.i.embedder.EclipseLogger - Copying 0 resource
2020-03-22 02:05:13,764 [Worker-11: Building workspace] WARN  o.e.m.c.i.embedder.EclipseLogger - Using platform encoding (GBK actually) to copy filtered resources, i.e. build is platform dependent!
2020-03-22 02:05:13,765 [Worker-11: Building workspace] INFO  o.e.m.c.i.embedder.EclipseLogger - Copying 0 resource
2020-03-22 02:05:16,316 [Worker-11: Building workspace] WARN  o.e.m.c.i.embedder.EclipseLogger - The artifact org.hibernate:hibernate-validator:jar:6.1.2.Final has been relocated to org.hibernate.validator:hibernate-validator:jar:6.1.2.Final
2020-03-22 02:05:16,510 [Worker-11: Building workspace] WARN  o.e.m.c.i.embedder.EclipseLogger - The artifact org.hibernate:hibernate-validator:jar:6.1.2.Final has been relocated to org.hibernate.validator:hibernate-validator:jar:6.1.2.Final
2020-03-22 02:05:16,512 [Worker-11: Building workspace] INFO  o.e.m.c.i.p.WorkspaceClassifierResolverManager - Resolving P/spring-core: org.springframework:spring-core:0.0.1-SNAPSHOT with classifier  to /spring-core/target/classes
2020-03-22 02:05:16,514 [Worker-11: Building workspace] INFO  o.e.m.c.i.p.WorkspaceClassifierResolverManager - Resolving P/spring-beans: org.springframework:spring-beans:0.0.1-SNAPSHOT with classifier  to /spring-beans/target/classes
2020-03-22 02:05:16,514 [Worker-11: Building workspace] INFO  o.e.m.c.i.p.WorkspaceClassifierResolverManager - Resolving P/spring-jcl: org.springframework:spring-jcl:0.0.1-SNAPSHOT with classifier  to /spring-jcl/target/classes
2020-03-22 02:05:16,617 [Worker-11: Building workspace] WARN  o.e.m.c.i.embedder.EclipseLogger - Using platform encoding (GBK actually) to copy filtered resources, i.e. build is platform dependent!
2020-03-22 02:05:16,618 [Worker-11: Building workspace] INFO  o.e.m.c.i.embedder.EclipseLogger - Copying 5 resources
2020-03-22 02:05:16,642 [Worker-11: Building workspace] WARN  o.e.m.c.i.embedder.EclipseLogger - Using platform encoding (GBK actually) to copy filtered resources, i.e. build is platform dependent!
2020-03-22 02:05:16,643 [Worker-11: Building workspace] INFO  o.e.m.c.i.embedder.EclipseLogger - Copying 0 resource
2020-03-22 02:05:20,580 [Worker-11: Building workspace] WARN  o.e.m.c.i.embedder.EclipseLogger - The artifact org.hibernate:hibernate-validator:jar:6.1.2.Final has been relocated to org.hibernate.validator:hibernate-validator:jar:6.1.2.Final
2020-03-22 02:05:20,909 [Worker-11: Building workspace] WARN  o.e.m.c.i.embedder.EclipseLogger - The artifact org.hibernate:hibernate-validator:jar:6.1.2.Final has been relocated to org.hibernate.validator:hibernate-validator:jar:6.1.2.Final
2020-03-22 02:05:20,910 [Worker-11: Building workspace] INFO  o.e.m.c.i.p.WorkspaceClassifierResolverManager - Resolving P/spring-beans: org.springframework:spring-beans:0.0.1-SNAPSHOT with classifier  to /spring-beans/target/classes
2020-03-22 02:05:20,911 [Worker-11: Building workspace] INFO  o.e.m.c.i.p.WorkspaceClassifierResolverManager - Resolving P/spring-jcl: org.springframework:spring-jcl:0.0.1-SNAPSHOT with classifier  to /spring-jcl/target/classes
2020-03-22 02:05:20,911 [Worker-11: Building workspace] INFO  o.e.m.c.i.p.WorkspaceClassifierResolverManager - Resolving P/spring-core: org.springframework:spring-core:0.0.1-SNAPSHOT with classifier  to /spring-core/target/classes
2020-03-22 02:05:20,913 [Worker-11: Building workspace] INFO  o.e.m.c.i.p.WorkspaceClassifierResolverManager - Resolving P/spring-aop: org.springframework:spring-aop:0.0.1-SNAPSHOT with classifier  to /spring-aop/target/classes
2020-03-22 02:05:20,913 [Worker-11: Building workspace] INFO  o.e.m.c.i.p.WorkspaceClassifierResolverManager - Resolving P/spring-context: org.springframework:spring-context:0.0.1-SNAPSHOT with classifier  to /spring-context/target/classes
2020-03-22 02:05:20,914 [Worker-11: Building workspace] INFO  o.e.m.c.i.p.WorkspaceClassifierResolverManager - Resolving P/spring-expression: org.springframework:spring-expression:0.0.1-SNAPSHOT with classifier  to /spring-expression/target/classes
2020-03-22 02:05:20,914 [Worker-11: Building workspace] INFO  o.e.m.c.i.p.WorkspaceClassifierResolverManager - Resolving P/spring-instrument: org.springframework:spring-instrument:0.0.1-SNAPSHOT with classifier  to /spring-instrument/target/classes
2020-03-22 02:05:21,168 [Worker-11: Building workspace] WARN  o.e.m.c.i.embedder.EclipseLogger - Using platform encoding (GBK actually) to copy filtered resources, i.e. build is platform dependent!
2020-03-22 02:05:21,169 [Worker-11: Building workspace] INFO  o.e.m.c.i.embedder.EclipseLogger - Copying 6 resources
2020-03-22 02:05:21,198 [Worker-11: Building workspace] WARN  o.e.m.c.i.embedder.EclipseLogger - Using platform encoding (GBK actually) to copy filtered resources, i.e. build is platform dependent!
2020-03-22 02:05:21,199 [Worker-11: Building workspace] INFO  o.e.m.c.i.embedder.EclipseLogger - Copying 0 resource
2020-03-22 02:05:26,124 [Worker-11: Building workspace] WARN  o.e.m.c.i.embedder.EclipseLogger - The artifact org.hibernate:hibernate-validator:jar:6.1.2.Final has been relocated to org.hibernate.validator:hibernate-validator:jar:6.1.2.Final
2020-03-22 02:05:26,374 [Worker-11: Building workspace] WARN  o.e.m.c.i.embedder.EclipseLogger - The artifact org.hibernate:hibernate-validator:jar:6.1.2.Final has been relocated to org.hibernate.validator:hibernate-validator:jar:6.1.2.Final
2020-03-22 02:05:26,375 [Worker-11: Building workspace] INFO  o.e.m.c.i.p.WorkspaceClassifierResolverManager - Resolving P/spring-beans: org.springframework:spring-beans:0.0.1-SNAPSHOT with classifier  to /spring-beans/target/classes
2020-03-22 02:05:26,376 [Worker-11: Building workspace] INFO  o.e.m.c.i.p.WorkspaceClassifierResolverManager - Resolving P/spring-jcl: org.springframework:spring-jcl:0.0.1-SNAPSHOT with classifier  to /spring-jcl/target/classes
2020-03-22 02:05:26,376 [Worker-11: Building workspace] INFO  o.e.m.c.i.p.WorkspaceClassifierResolverManager - Resolving P/spring-core: org.springframework:spring-core:0.0.1-SNAPSHOT with classifier  to /spring-core/target/classes
2020-03-22 02:05:26,378 [Worker-11: Building workspace] INFO  o.e.m.c.i.p.WorkspaceClassifierResolverManager - Resolving P/spring-tx: org.springframework:spring-tx:0.0.1-SNAPSHOT with classifier  to /spring-tx/target/classes
2020-03-22 02:05:26,378 [Worker-11: Building workspace] INFO  o.e.m.c.i.p.WorkspaceClassifierResolverManager - Resolving P/spring-aop: org.springframework:spring-aop:0.0.1-SNAPSHOT with classifier  to /spring-aop/target/classes
2020-03-22 02:05:26,378 [Worker-11: Building workspace] INFO  o.e.m.c.i.p.WorkspaceClassifierResolverManager - Resolving P/spring-context: org.springframework:spring-context:0.0.1-SNAPSHOT with classifier  to /spring-context/target/classes
2020-03-22 02:05:26,378 [Worker-11: Building workspace] INFO  o.e.m.c.i.p.WorkspaceClassifierResolverManager - Resolving P/spring-expression: org.springframework:spring-expression:0.0.1-SNAPSHOT with classifier  to /spring-expression/target/classes
2020-03-22 02:05:26,378 [Worker-11: Building workspace] INFO  o.e.m.c.i.p.WorkspaceClassifierResolverManager - Resolving P/spring-instrument: org.springframework:spring-instrument:0.0.1-SNAPSHOT with classifier  to /spring-instrument/target/classes
2020-03-22 02:05:26,492 [Worker-11: Building workspace] WARN  o.e.m.c.i.embedder.EclipseLogger - Using platform encoding (GBK actually) to copy filtered resources, i.e. build is platform dependent!
2020-03-22 02:05:26,493 [Worker-11: Building workspace] INFO  o.e.m.c.i.embedder.EclipseLogger - Copying 6 resources
2020-03-22 02:05:26,551 [Worker-11: Building workspace] WARN  o.e.m.c.i.embedder.EclipseLogger - Using platform encoding (GBK actually) to copy filtered resources, i.e. build is platform dependent!
2020-03-22 02:05:26,552 [Worker-11: Building workspace] INFO  o.e.m.c.i.embedder.EclipseLogger - Copying 0 resource
2020-03-22 02:05:29,596 [Worker-11: Building workspace] WARN  o.e.m.c.i.embedder.EclipseLogger - The artifact org.hibernate:hibernate-validator:jar:6.1.2.Final has been relocated to org.hibernate.validator:hibernate-validator:jar:6.1.2.Final
2020-03-22 02:05:29,883 [Worker-11: Building workspace] WARN  o.e.m.c.i.embedder.EclipseLogger - The artifact org.hibernate:hibernate-validator:jar:6.1.2.Final has been relocated to org.hibernate.validator:hibernate-validator:jar:6.1.2.Final
2020-03-22 02:05:29,884 [Worker-11: Building workspace] INFO  o.e.m.c.i.p.WorkspaceClassifierResolverManager - Resolving P/spring-beans: org.springframework:spring-beans:0.0.1-SNAPSHOT with classifier  to /spring-beans/target/classes
2020-03-22 02:05:29,885 [Worker-11: Building workspace] INFO  o.e.m.c.i.p.WorkspaceClassifierResolverManager - Resolving P/spring-context: org.springframework:spring-context:0.0.1-SNAPSHOT with classifier  to /spring-context/target/classes
2020-03-22 02:05:29,885 [Worker-11: Building workspace] INFO  o.e.m.c.i.p.WorkspaceClassifierResolverManager - Resolving P/spring-aop: org.springframework:spring-aop:0.0.1-SNAPSHOT with classifier  to /spring-aop/target/classes
2020-03-22 02:05:29,885 [Worker-11: Building workspace] INFO  o.e.m.c.i.p.WorkspaceClassifierResolverManager - Resolving P/spring-expression: org.springframework:spring-expression:0.0.1-SNAPSHOT with classifier  to /spring-expression/target/classes
2020-03-22 02:05:29,885 [Worker-11: Building workspace] INFO  o.e.m.c.i.p.WorkspaceClassifierResolverManager - Resolving P/spring-instrument: org.springframework:spring-instrument:0.0.1-SNAPSHOT with classifier  to /spring-instrument/target/classes
2020-03-22 02:05:29,885 [Worker-11: Building workspace] INFO  o.e.m.c.i.p.WorkspaceClassifierResolverManager - Resolving P/spring-core: org.springframework:spring-core:0.0.1-SNAPSHOT with classifier  to /spring-core/target/classes
2020-03-22 02:05:29,887 [Worker-11: Building workspace] INFO  o.e.m.c.i.p.WorkspaceClassifierResolverManager - Resolving P/spring-jdbc: org.springframework:spring-jdbc:0.0.1-SNAPSHOT with classifier  to /spring-jdbc/target/classes
2020-03-22 02:05:29,887 [Worker-11: Building workspace] INFO  o.e.m.c.i.p.WorkspaceClassifierResolverManager - Resolving P/spring-tx: org.springframework:spring-tx:0.0.1-SNAPSHOT with classifier  to /spring-tx/target/classes
2020-03-22 02:05:29,887 [Worker-11: Building workspace] INFO  o.e.m.c.i.p.WorkspaceClassifierResolverManager - Resolving P/spring-jcl: org.springframework:spring-jcl:0.0.1-SNAPSHOT with classifier  to /spring-jcl/target/classes
2020-03-22 02:05:29,968 [Worker-11: Building workspace] WARN  o.e.m.c.i.embedder.EclipseLogger - Using platform encoding (GBK actually) to copy filtered resources, i.e. build is platform dependent!
2020-03-22 02:05:29,969 [Worker-11: Building workspace] INFO  o.e.m.c.i.embedder.EclipseLogger - Copying 1 resource
2020-03-22 02:05:29,986 [Worker-11: Building workspace] WARN  o.e.m.c.i.embedder.EclipseLogger - Using platform encoding (GBK actually) to copy filtered resources, i.e. build is platform dependent!
2020-03-22 02:05:29,987 [Worker-11: Building workspace] INFO  o.e.m.c.i.embedder.EclipseLogger - Copying 0 resource
2020-03-22 02:05:50,713 [Worker-11: Building workspace] WARN  o.e.m.c.i.embedder.EclipseLogger - The artifact org.hibernate:hibernate-validator:jar:6.1.2.Final has been relocated to org.hibernate.validator:hibernate-validator:jar:6.1.2.Final
2020-03-22 02:05:51,016 [Worker-11: Building workspace] WARN  o.e.m.c.i.embedder.EclipseLogger - The artifact org.hibernate:hibernate-validator:jar:6.1.2.Final has been relocated to org.hibernate.validator:hibernate-validator:jar:6.1.2.Final
2020-03-22 02:05:51,017 [Worker-11: Building workspace] INFO  o.e.m.c.i.p.WorkspaceClassifierResolverManager - Resolving P/spring-beans: org.springframework:spring-beans:0.0.1-SNAPSHOT with classifier  to /spring-beans/target/classes
2020-03-22 02:05:51,018 [Worker-11: Building workspace] INFO  o.e.m.c.i.p.WorkspaceClassifierResolverManager - Resolving P/spring-core: org.springframework:spring-core:0.0.1-SNAPSHOT with classifier  to /spring-core/target/classes
2020-03-22 02:05:51,019 [Worker-11: Building workspace] INFO  o.e.m.c.i.p.WorkspaceClassifierResolverManager - Resolving P/spring-aop: org.springframework:spring-aop:0.0.1-SNAPSHOT with classifier  to /spring-aop/target/classes
2020-03-22 02:05:51,020 [Worker-11: Building workspace] INFO  o.e.m.c.i.p.WorkspaceClassifierResolverManager - Resolving P/spring-context: org.springframework:spring-context:0.0.1-SNAPSHOT with classifier  to /spring-context/target/classes
2020-03-22 02:05:51,020 [Worker-11: Building workspace] INFO  o.e.m.c.i.p.WorkspaceClassifierResolverManager - Resolving P/spring-expression: org.springframework:spring-expression:0.0.1-SNAPSHOT with classifier  to /spring-expression/target/classes
2020-03-22 02:05:51,020 [Worker-11: Building workspace] INFO  o.e.m.c.i.p.WorkspaceClassifierResolverManager - Resolving P/spring-instrument: org.springframework:spring-instrument:0.0.1-SNAPSHOT with classifier  to /spring-instrument/target/classes
2020-03-22 02:05:51,020 [Worker-11: Building workspace] INFO  o.e.m.c.i.p.WorkspaceClassifierResolverManager - Resolving P/spring-oxm: org.springframework:spring-oxm:0.0.1-SNAPSHOT with classifier  to /spring-oxm/target/classes
2020-03-22 02:05:51,020 [Worker-11: Building workspace] INFO  o.e.m.c.i.p.WorkspaceClassifierResolverManager - Resolving P/spring-jcl: org.springframework:spring-jcl:0.0.1-SNAPSHOT with classifier  to /spring-jcl/target/classes
2020-03-22 02:05:51,138 [Worker-11: Building workspace] WARN  o.e.m.c.i.embedder.EclipseLogger - Using platform encoding (GBK actually) to copy filtered resources, i.e. build is platform dependent!
2020-03-22 02:05:51,140 [Worker-11: Building workspace] INFO  o.e.m.c.i.embedder.EclipseLogger - Copying 6 resources
2020-03-22 02:05:51,363 [Worker-11: Building workspace] WARN  o.e.m.c.i.embedder.EclipseLogger - Using platform encoding (GBK actually) to copy filtered resources, i.e. build is platform dependent!
2020-03-22 02:05:51,365 [Worker-11: Building workspace] INFO  o.e.m.c.i.embedder.EclipseLogger - Copying 0 resource
2020-03-22 02:05:56,478 [Worker-17: Building workspace] WARN  o.e.m.c.i.embedder.EclipseLogger - The artifact org.hibernate:hibernate-validator:jar:6.1.2.Final has been relocated to org.hibernate.validator:hibernate-validator:jar:6.1.2.Final
2020-03-22 02:05:56,910 [Worker-17: Building workspace] WARN  o.e.m.c.i.embedder.EclipseLogger - The artifact org.hibernate:hibernate-validator:jar:6.1.2.Final has been relocated to org.hibernate.validator:hibernate-validator:jar:6.1.2.Final
2020-03-22 02:05:56,912 [Worker-17: Building workspace] INFO  o.e.m.c.i.p.WorkspaceClassifierResolverManager - Resolving P/spring-beans: org.springframework:spring-beans:0.0.1-SNAPSHOT with classifier  to /spring-beans/target/classes
2020-03-22 02:05:56,912 [Worker-17: Building workspace] INFO  o.e.m.c.i.p.WorkspaceClassifierResolverManager - Resolving P/spring-jcl: org.springframework:spring-jcl:0.0.1-SNAPSHOT with classifier  to /spring-jcl/target/classes
2020-03-22 02:05:56,913 [Worker-17: Building workspace] INFO  o.e.m.c.i.p.WorkspaceClassifierResolverManager - Resolving P/spring-core: org.springframework:spring-core:0.0.1-SNAPSHOT with classifier  to /spring-core/target/classes
2020-03-22 02:05:56,914 [Worker-17: Building workspace] INFO  o.e.m.c.i.p.WorkspaceClassifierResolverManager - Resolving P/spring-jdbc: org.springframework:spring-jdbc:0.0.1-SNAPSHOT with classifier  to /spring-jdbc/target/classes
2020-03-22 02:05:56,914 [Worker-17: Building workspace] INFO  o.e.m.c.i.p.WorkspaceClassifierResolverManager - Resolving P/spring-tx: org.springframework:spring-tx:0.0.1-SNAPSHOT with classifier  to /spring-tx/target/classes
2020-03-22 02:05:56,914 [Worker-17: Building workspace] INFO  o.e.m.c.i.p.WorkspaceClassifierResolverManager - Resolving P/spring-aop: org.springframework:spring-aop:0.0.1-SNAPSHOT with classifier  to /spring-aop/target/classes
2020-03-22 02:05:56,914 [Worker-17: Building workspace] INFO  o.e.m.c.i.p.WorkspaceClassifierResolverManager - Resolving P/spring-context: org.springframework:spring-context:0.0.1-SNAPSHOT with classifier  to /spring-context/target/classes
2020-03-22 02:05:56,915 [Worker-17: Building workspace] INFO  o.e.m.c.i.p.WorkspaceClassifierResolverManager - Resolving P/spring-expression: org.springframework:spring-expression:0.0.1-SNAPSHOT with classifier  to /spring-expression/target/classes
2020-03-22 02:05:56,915 [Worker-17: Building workspace] INFO  o.e.m.c.i.p.WorkspaceClassifierResolverManager - Resolving P/spring-instrument: org.springframework:spring-instrument:0.0.1-SNAPSHOT with classifier  to /spring-instrument/target/classes
2020-03-22 02:05:56,915 [Worker-17: Building workspace] INFO  o.e.m.c.i.p.WorkspaceClassifierResolverManager - Resolving P/spring-web: org.springframework:spring-web:0.0.1-SNAPSHOT with classifier  to /spring-web/target/classes
2020-03-22 02:05:56,915 [Worker-17: Building workspace] INFO  o.e.m.c.i.p.WorkspaceClassifierResolverManager - Resolving P/spring-oxm: org.springframework:spring-oxm:0.0.1-SNAPSHOT with classifier  to /spring-oxm/target/classes
2020-03-22 02:05:57,019 [Worker-17: Building workspace] WARN  o.e.m.c.i.embedder.EclipseLogger - Using platform encoding (GBK actually) to copy filtered resources, i.e. build is platform dependent!
2020-03-22 02:05:57,021 [Worker-17: Building workspace] INFO  o.e.m.c.i.embedder.EclipseLogger - Copying 0 resource
2020-03-22 02:05:57,022 [Worker-17: Building workspace] WARN  o.e.m.c.i.embedder.EclipseLogger - Using platform encoding (GBK actually) to copy filtered resources, i.e. build is platform dependent!
2020-03-22 02:05:57,023 [Worker-17: Building workspace] INFO  o.e.m.c.i.embedder.EclipseLogger - Copying 0 resource
2020-03-22 02:05:58,157 [Worker-17: Building workspace] WARN  o.e.m.c.i.embedder.EclipseLogger - The artifact org.hibernate:hibernate-validator:jar:6.1.2.Final has been relocated to org.hibernate.validator:hibernate-validator:jar:6.1.2.Final
2020-03-22 02:05:58,375 [Worker-17: Building workspace] WARN  o.e.m.c.i.embedder.EclipseLogger - The artifact org.hibernate:hibernate-validator:jar:6.1.2.Final has been relocated to org.hibernate.validator:hibernate-validator:jar:6.1.2.Final
2020-03-22 02:05:58,377 [Worker-17: Building workspace] INFO  o.e.m.c.i.p.WorkspaceClassifierResolverManager - Resolving P/spring-aop: org.springframework:spring-aop:0.0.1-SNAPSHOT with classifier  to /spring-aop/target/classes
2020-03-22 02:05:58,377 [Worker-17: Building workspace] INFO  o.e.m.c.i.p.WorkspaceClassifierResolverManager - Resolving P/spring-core: org.springframework:spring-core:0.0.1-SNAPSHOT with classifier  to /spring-core/target/classes
2020-03-22 02:05:58,378 [Worker-17: Building workspace] INFO  o.e.m.c.i.p.WorkspaceClassifierResolverManager - Resolving P/spring-jcl: org.springframework:spring-jcl:0.0.1-SNAPSHOT with classifier  to /spring-jcl/target/classes
2020-03-22 02:05:58,378 [Worker-17: Building workspace] INFO  o.e.m.c.i.p.WorkspaceClassifierResolverManager - Resolving P/spring-beans: org.springframework:spring-beans:0.0.1-SNAPSHOT with classifier  to /spring-beans/target/classes
2020-03-22 02:05:58,379 [Worker-17: Building workspace] INFO  o.e.m.c.i.p.WorkspaceClassifierResolverManager - Resolving P/spring-context: org.springframework:spring-context:0.0.1-SNAPSHOT with classifier  to /spring-context/target/classes
2020-03-22 02:05:58,379 [Worker-17: Building workspace] INFO  o.e.m.c.i.p.WorkspaceClassifierResolverManager - Resolving P/spring-expression: org.springframework:spring-expression:0.0.1-SNAPSHOT with classifier  to /spring-expression/target/classes
2020-03-22 02:05:58,379 [Worker-17: Building workspace] INFO  o.e.m.c.i.p.WorkspaceClassifierResolverManager - Resolving P/spring-instrument: org.springframework:spring-instrument:0.0.1-SNAPSHOT with classifier  to /spring-instrument/target/classes
2020-03-22 02:05:58,379 [Worker-17: Building workspace] INFO  o.e.m.c.i.p.WorkspaceClassifierResolverManager - Resolving P/spring-context-support: org.springframework:spring-context-support:0.0.1-SNAPSHOT with classifier  to /spring-context-support/target/classes
2020-03-22 02:05:58,379 [Worker-17: Building workspace] INFO  o.e.m.c.i.p.WorkspaceClassifierResolverManager - Resolving P/spring-jdbc: org.springframework:spring-jdbc:0.0.1-SNAPSHOT with classifier  to /spring-jdbc/target/classes
2020-03-22 02:05:58,379 [Worker-17: Building workspace] INFO  o.e.m.c.i.p.WorkspaceClassifierResolverManager - Resolving P/spring-orm: org.springframework:spring-orm:0.0.1-SNAPSHOT with classifier  to /spring-orm/target/classes
2020-03-22 02:05:58,379 [Worker-17: Building workspace] INFO  o.e.m.c.i.p.WorkspaceClassifierResolverManager - Resolving P/spring-web: org.springframework:spring-web:0.0.1-SNAPSHOT with classifier  to /spring-web/target/classes
2020-03-22 02:05:58,380 [Worker-17: Building workspace] INFO  o.e.m.c.i.p.WorkspaceClassifierResolverManager - Resolving P/spring-oxm: org.springframework:spring-oxm:0.0.1-SNAPSHOT with classifier  to /spring-oxm/target/classes
2020-03-22 02:05:58,382 [Worker-17: Building workspace] INFO  o.e.m.c.i.p.WorkspaceClassifierResolverManager - Resolving P/spring-tx: org.springframework:spring-tx:0.0.1-SNAPSHOT with classifier  to /spring-tx/target/classes
2020-03-22 02:05:58,470 [Worker-17: Building workspace] WARN  o.e.m.c.i.embedder.EclipseLogger - Using platform encoding (GBK actually) to copy filtered resources, i.e. build is platform dependent!
2020-03-22 02:05:58,472 [Worker-17: Building workspace] INFO  o.e.m.c.i.embedder.EclipseLogger - Copying 1 resource
2020-03-22 02:05:58,478 [Worker-17: Building workspace] WARN  o.e.m.c.i.embedder.EclipseLogger - Using platform encoding (GBK actually) to copy filtered resources, i.e. build is platform dependent!
2020-03-22 02:05:58,479 [Worker-17: Building workspace] INFO  o.e.m.c.i.embedder.EclipseLogger - Copying 0 resource
2020-03-22 02:06:03,416 [Worker-17: Building workspace] WARN  o.e.m.c.i.embedder.EclipseLogger - The artifact org.hibernate:hibernate-validator:jar:6.1.2.Final has been relocated to org.hibernate.validator:hibernate-validator:jar:6.1.2.Final
2020-03-22 02:06:03,619 [Worker-17: Building workspace] WARN  o.e.m.c.i.embedder.EclipseLogger - The artifact org.hibernate:hibernate-validator:jar:6.1.2.Final has been relocated to org.hibernate.validator:hibernate-validator:jar:6.1.2.Final
2020-03-22 02:06:03,744 [Worker-17: Building workspace] WARN  o.e.m.c.i.embedder.EclipseLogger - Using platform encoding (GBK actually) to copy filtered resources, i.e. build is platform dependent!
2020-03-22 02:06:03,761 [Worker-17: Building workspace] INFO  o.e.m.c.i.embedder.EclipseLogger - Copying 1 resource
2020-03-22 02:06:03,967 [Worker-17: Building workspace] WARN  o.e.m.c.i.embedder.EclipseLogger - Using platform encoding (GBK actually) to copy filtered resources, i.e. build is platform dependent!
2020-03-22 02:06:03,969 [Worker-17: Building workspace] INFO  o.e.m.c.i.embedder.EclipseLogger - Copying 0 resource
2020-03-22 02:06:12,595 [Worker-17: Building workspace] WARN  o.e.m.c.i.embedder.EclipseLogger - The artifact org.hibernate:hibernate-validator:jar:6.1.2.Final has been relocated to org.hibernate.validator:hibernate-validator:jar:6.1.2.Final
2020-03-22 02:06:12,838 [Worker-17: Building workspace] WARN  o.e.m.c.i.embedder.EclipseLogger - The artifact org.hibernate:hibernate-validator:jar:6.1.2.Final has been relocated to org.hibernate.validator:hibernate-validator:jar:6.1.2.Final
2020-03-22 02:06:12,922 [Worker-17: Building workspace] WARN  o.e.m.c.i.embedder.EclipseLogger - Using platform encoding (GBK actually) to copy filtered resources, i.e. build is platform dependent!
2020-03-22 02:06:12,924 [Worker-17: Building workspace] INFO  o.e.m.c.i.embedder.EclipseLogger - Copying 9 resources
2020-03-22 02:06:12,967 [Worker-17: Building workspace] WARN  o.e.m.c.i.embedder.EclipseLogger - Using platform encoding (GBK actually) to copy filtered resources, i.e. build is platform dependent!
2020-03-22 02:06:12,968 [Worker-17: Building workspace] INFO  o.e.m.c.i.embedder.EclipseLogger - Copying 0 resource
2020-03-22 02:06:15,754 [Worker-17: Building workspace] WARN  o.e.m.c.i.embedder.EclipseLogger - The artifact org.hibernate:hibernate-validator:jar:6.1.2.Final has been relocated to org.hibernate.validator:hibernate-validator:jar:6.1.2.Final
2020-03-22 02:06:15,885 [Worker-17: Building workspace] WARN  o.e.m.c.i.embedder.EclipseLogger - The artifact org.hibernate:hibernate-validator:jar:6.1.2.Final has been relocated to org.hibernate.validator:hibernate-validator:jar:6.1.2.Final
2020-03-22 02:06:16,015 [Worker-17: Building workspace] WARN  o.e.m.c.i.embedder.EclipseLogger - Using platform encoding (GBK actually) to copy filtered resources, i.e. build is platform dependent!
2020-03-22 02:06:16,017 [Worker-17: Building workspace] INFO  o.e.m.c.i.embedder.EclipseLogger - Copying 5 resources
2020-03-22 02:06:16,070 [Worker-17: Building workspace] WARN  o.e.m.c.i.embedder.EclipseLogger - Using platform encoding (GBK actually) to copy filtered resources, i.e. build is platform dependent!
2020-03-22 02:06:16,072 [Worker-17: Building workspace] INFO  o.e.m.c.i.embedder.EclipseLogger - Copying 0 resource
